23:05:19,344 (main) INFO  [DataNucleus.Enhancer] - DataNucleus Enhancer : Using ClassEnhancer "ASM" for API "JDO"
23:05:19,557 (main) INFO  [DataNucleus.Enhancer] - DataNucleus Enhancer (version 3.0.1) : Enhancement of classes
23:05:20,113 (main) INFO  [DataNucleus.Enhancer] - Writing class file "C:\Users\Manoj\Desktop\Projects\myJavaProjects\ProjectMBD\sharedexpensesserver\build\classes\in\co\blackphoenix\shexp\messaging\data\IntegerRangeFilter.class" with enhanced definition
23:05:20,117 (main) INFO  [DataNucleus.Enhancer] - Writing class file "C:\Users\Manoj\Desktop\Projects\myJavaProjects\ProjectMBD\sharedexpensesserver\build\classes\in\co\blackphoenix\shexp\messaging\data\Payables.class" with enhanced definition
23:05:20,120 (main) INFO  [DataNucleus.Enhancer] - Writing class file "C:\Users\Manoj\Desktop\Projects\myJavaProjects\ProjectMBD\sharedexpensesserver\build\classes\in\co\blackphoenix\shexp\messaging\data\Receivables.class" with enhanced definition
23:05:20,138 (main) INFO  [DataNucleus.Enhancer] - Writing class file "C:\Users\Manoj\Desktop\Projects\myJavaProjects\ProjectMBD\sharedexpensesserver\build\classes\in\co\blackphoenix\shexp\messaging\data\HistoryFilter.class" with enhanced definition
23:05:20,142 (main) INFO  [DataNucleus.Enhancer] - Writing class file "C:\Users\Manoj\Desktop\Projects\myJavaProjects\ProjectMBD\sharedexpensesserver\build\classes\in\co\blackphoenix\shexp\messaging\data\DoubleRangeFilter.class" with enhanced definition
23:05:20,146 (main) INFO  [DataNucleus.Enhancer] - Writing class file "C:\Users\Manoj\Desktop\Projects\myJavaProjects\ProjectMBD\sharedexpensesserver\build\classes\in\co\blackphoenix\shexp\messaging\data\IntegerValueFilter.class" with enhanced definition
23:05:20,149 (main) INFO  [DataNucleus.Enhancer] - Writing class file "C:\Users\Manoj\Desktop\Projects\myJavaProjects\ProjectMBD\sharedexpensesserver\build\classes\in\co\blackphoenix\shexp\messaging\data\RangeFilter.class" with enhanced definition
23:05:20,154 (main) INFO  [DataNucleus.Enhancer] - Writing class file "C:\Users\Manoj\Desktop\Projects\myJavaProjects\ProjectMBD\sharedexpensesserver\build\classes\in\co\blackphoenix\shexp\messaging\data\DoubleValueFilter.class" with enhanced definition
23:05:20,158 (main) INFO  [DataNucleus.Enhancer] - Writing class file "C:\Users\Manoj\Desktop\Projects\myJavaProjects\ProjectMBD\sharedexpensesserver\build\classes\in\co\blackphoenix\shexp\messaging\data\DateValueFilter.class" with enhanced definition
23:05:20,161 (main) INFO  [DataNucleus.Enhancer] - Writing class file "C:\Users\Manoj\Desktop\Projects\myJavaProjects\ProjectMBD\sharedexpensesserver\build\classes\in\co\blackphoenix\shexp\messaging\data\PieSliceParticipant.class" with enhanced definition
23:05:20,166 (main) INFO  [DataNucleus.Enhancer] - Writing class file "C:\Users\Manoj\Desktop\Projects\myJavaProjects\ProjectMBD\sharedexpensesserver\build\classes\in\co\blackphoenix\shexp\messaging\data\Participant.class" with enhanced definition
23:05:20,170 (main) INFO  [DataNucleus.Enhancer] - Writing class file "C:\Users\Manoj\Desktop\Projects\myJavaProjects\ProjectMBD\sharedexpensesserver\build\classes\in\co\blackphoenix\shexp\messaging\data\LedgerEntry.class" with enhanced definition
23:05:20,173 (main) INFO  [DataNucleus.Enhancer] - Writing class file "C:\Users\Manoj\Desktop\Projects\myJavaProjects\ProjectMBD\sharedexpensesserver\build\classes\in\co\blackphoenix\shexp\messaging\data\FixedShareParticipant.class" with enhanced definition
23:05:20,176 (main) INFO  [DataNucleus.Enhancer] - Writing class file "C:\Users\Manoj\Desktop\Projects\myJavaProjects\ProjectMBD\sharedexpensesserver\build\classes\in\co\blackphoenix\shexp\messaging\data\ValueFilter.class" with enhanced definition
23:05:20,182 (main) INFO  [DataNucleus.Enhancer] - Writing class file "C:\Users\Manoj\Desktop\Projects\myJavaProjects\ProjectMBD\sharedexpensesserver\build\classes\in\co\blackphoenix\shexp\messaging\data\Bill.class" with enhanced definition
23:05:20,187 (main) INFO  [DataNucleus.Enhancer] - Writing class file "C:\Users\Manoj\Desktop\Projects\myJavaProjects\ProjectMBD\sharedexpensesserver\build\classes\in\co\blackphoenix\shexp\messaging\data\BalanceSheet.class" with enhanced definition
23:05:20,191 (main) INFO  [DataNucleus.Enhancer] - Writing class file "C:\Users\Manoj\Desktop\Projects\myJavaProjects\ProjectMBD\sharedexpensesserver\build\classes\in\co\blackphoenix\shexp\messaging\data\DateRangeFilter.class" with enhanced definition
23:05:20,191 (main) INFO  [DataNucleus.Enhancer] - DataNucleus Enhancer completed with success for 17 classes. Timings : input=523 ms, enhance=107 ms, total=630 ms. Consult the log for full details
04:37:14,371 (main) INFO  [DataNucleus.Enhancer] - DataNucleus Enhancer : Using ClassEnhancer "ASM" for API "JDO"
04:37:14,573 (main) INFO  [DataNucleus.Enhancer] - DataNucleus Enhancer (version 3.0.1) : Enhancement of classes
04:37:15,026 (main) INFO  [DataNucleus.Enhancer] - Writing class file "C:\Users\Manoj\Desktop\Projects\myJavaProjects\ProjectMBD\sharedexpensesserver\build\classes\in\co\blackphoenix\shexp\messaging\data\IntegerRangeFilter.class" with enhanced definition
04:37:15,041 (main) INFO  [DataNucleus.Enhancer] - Writing class file "C:\Users\Manoj\Desktop\Projects\myJavaProjects\ProjectMBD\sharedexpensesserver\build\classes\in\co\blackphoenix\shexp\messaging\data\Payables.class" with enhanced definition
04:37:15,041 (main) INFO  [DataNucleus.Enhancer] - Writing class file "C:\Users\Manoj\Desktop\Projects\myJavaProjects\ProjectMBD\sharedexpensesserver\build\classes\in\co\blackphoenix\shexp\messaging\data\Receivables.class" with enhanced definition
04:37:15,057 (main) INFO  [DataNucleus.Enhancer] - Writing class file "C:\Users\Manoj\Desktop\Projects\myJavaProjects\ProjectMBD\sharedexpensesserver\build\classes\in\co\blackphoenix\shexp\messaging\data\HistoryFilter.class" with enhanced definition
04:37:15,057 (main) INFO  [DataNucleus.Enhancer] - Writing class file "C:\Users\Manoj\Desktop\Projects\myJavaProjects\ProjectMBD\sharedexpensesserver\build\classes\in\co\blackphoenix\shexp\messaging\data\DoubleRangeFilter.class" with enhanced definition
04:37:15,073 (main) INFO  [DataNucleus.Enhancer] - Writing class file "C:\Users\Manoj\Desktop\Projects\myJavaProjects\ProjectMBD\sharedexpensesserver\build\classes\in\co\blackphoenix\shexp\messaging\data\IntegerValueFilter.class" with enhanced definition
04:37:15,073 (main) INFO  [DataNucleus.Enhancer] - Writing class file "C:\Users\Manoj\Desktop\Projects\myJavaProjects\ProjectMBD\sharedexpensesserver\build\classes\in\co\blackphoenix\shexp\messaging\data\RangeFilter.class" with enhanced definition
04:37:15,073 (main) INFO  [DataNucleus.Enhancer] - Writing class file "C:\Users\Manoj\Desktop\Projects\myJavaProjects\ProjectMBD\sharedexpensesserver\build\classes\in\co\blackphoenix\shexp\messaging\data\DoubleValueFilter.class" with enhanced definition
04:37:15,073 (main) INFO  [DataNucleus.Enhancer] - Writing class file "C:\Users\Manoj\Desktop\Projects\myJavaProjects\ProjectMBD\sharedexpensesserver\build\classes\in\co\blackphoenix\shexp\messaging\data\DateValueFilter.class" with enhanced definition
04:37:15,088 (main) INFO  [DataNucleus.Enhancer] - Writing class file "C:\Users\Manoj\Desktop\Projects\myJavaProjects\ProjectMBD\sharedexpensesserver\build\classes\in\co\blackphoenix\shexp\messaging\data\PieSliceParticipant.class" with enhanced definition
04:37:15,088 (main) INFO  [DataNucleus.Enhancer] - Writing class file "C:\Users\Manoj\Desktop\Projects\myJavaProjects\ProjectMBD\sharedexpensesserver\build\classes\in\co\blackphoenix\shexp\messaging\data\Participant.class" with enhanced definition
04:37:15,088 (main) INFO  [DataNucleus.Enhancer] - Writing class file "C:\Users\Manoj\Desktop\Projects\myJavaProjects\ProjectMBD\sharedexpensesserver\build\classes\in\co\blackphoenix\shexp\messaging\data\LedgerEntry.class" with enhanced definition
04:37:15,088 (main) INFO  [DataNucleus.Enhancer] - Writing class file "C:\Users\Manoj\Desktop\Projects\myJavaProjects\ProjectMBD\sharedexpensesserver\build\classes\in\co\blackphoenix\shexp\messaging\data\FixedShareParticipant.class" with enhanced definition
04:37:15,104 (main) INFO  [DataNucleus.Enhancer] - Writing class file "C:\Users\Manoj\Desktop\Projects\myJavaProjects\ProjectMBD\sharedexpensesserver\build\classes\in\co\blackphoenix\shexp\messaging\data\ValueFilter.class" with enhanced definition
04:37:15,104 (main) INFO  [DataNucleus.Enhancer] - Writing class file "C:\Users\Manoj\Desktop\Projects\myJavaProjects\ProjectMBD\sharedexpensesserver\build\classes\in\co\blackphoenix\shexp\messaging\data\Bill.class" with enhanced definition
04:37:15,104 (main) INFO  [DataNucleus.Enhancer] - Writing class file "C:\Users\Manoj\Desktop\Projects\myJavaProjects\ProjectMBD\sharedexpensesserver\build\classes\in\co\blackphoenix\shexp\messaging\data\BalanceSheet.class" with enhanced definition
04:37:15,119 (main) INFO  [DataNucleus.Enhancer] - Writing class file "C:\Users\Manoj\Desktop\Projects\myJavaProjects\ProjectMBD\sharedexpensesserver\build\classes\in\co\blackphoenix\shexp\messaging\data\DateRangeFilter.class" with enhanced definition
04:37:15,119 (main) INFO  [DataNucleus.Enhancer] - DataNucleus Enhancer completed with success for 17 classes. Timings : input=437 ms, enhance=109 ms, total=546 ms. Consult the log for full details
04:40:18,473 (main) INFO  [DataNucleus.Enhancer] - DataNucleus Enhancer : Using ClassEnhancer "ASM" for API "JDO"
04:40:18,676 (main) INFO  [DataNucleus.Enhancer] - DataNucleus Enhancer (version 3.0.1) : Enhancement of classes
04:40:19,175 (main) INFO  [DataNucleus.Enhancer] - Class "in.co.blackphoenix.shexp.messaging.data.IntegerRangeFilter" is already enhanced.
04:40:19,175 (main) INFO  [DataNucleus.Enhancer] - Class "in.co.blackphoenix.shexp.messaging.data.Payables" is already enhanced.
04:40:19,175 (main) INFO  [DataNucleus.Enhancer] - Class "in.co.blackphoenix.shexp.messaging.data.Receivables" is already enhanced.
04:40:19,190 (main) INFO  [DataNucleus.Enhancer] - Class "in.co.blackphoenix.shexp.messaging.data.HistoryFilter" is already enhanced.
04:40:19,190 (main) INFO  [DataNucleus.Enhancer] - Class "in.co.blackphoenix.shexp.messaging.data.DoubleRangeFilter" is already enhanced.
04:40:19,190 (main) INFO  [DataNucleus.Enhancer] - Class "in.co.blackphoenix.shexp.messaging.data.IntegerValueFilter" is already enhanced.
04:40:19,190 (main) INFO  [DataNucleus.Enhancer] - Class "in.co.blackphoenix.shexp.messaging.data.RangeFilter" is already enhanced.
04:40:19,190 (main) INFO  [DataNucleus.Enhancer] - Class "in.co.blackphoenix.shexp.messaging.data.DoubleValueFilter" is already enhanced.
04:40:19,206 (main) INFO  [DataNucleus.Enhancer] - Class "in.co.blackphoenix.shexp.messaging.data.DateValueFilter" is already enhanced.
04:40:19,206 (main) INFO  [DataNucleus.Enhancer] - Class "in.co.blackphoenix.shexp.messaging.data.PieSliceParticipant" is already enhanced.
04:40:19,206 (main) INFO  [DataNucleus.Enhancer] - Class "in.co.blackphoenix.shexp.messaging.data.Participant" is already enhanced.
04:40:19,206 (main) INFO  [DataNucleus.Enhancer] - Class "in.co.blackphoenix.shexp.messaging.data.LedgerEntry" is already enhanced.
04:40:19,206 (main) INFO  [DataNucleus.Enhancer] - Class "in.co.blackphoenix.shexp.messaging.data.FixedShareParticipant" is already enhanced.
04:40:19,206 (main) INFO  [DataNucleus.Enhancer] - Class "in.co.blackphoenix.shexp.messaging.data.ValueFilter" is already enhanced.
04:40:19,206 (main) INFO  [DataNucleus.Enhancer] - Class "in.co.blackphoenix.shexp.messaging.data.Bill" is already enhanced.
04:40:19,206 (main) INFO  [DataNucleus.Enhancer] - Class "in.co.blackphoenix.shexp.messaging.data.BalanceSheet" is already enhanced.
04:40:19,206 (main) INFO  [DataNucleus.Enhancer] - Class "in.co.blackphoenix.shexp.messaging.data.DateRangeFilter" is already enhanced.
04:40:19,206 (main) INFO  [DataNucleus.Enhancer] - DataNucleus Enhancer completed with success for 17 classes. Timings : input=499 ms, enhance=31 ms, total=530 ms. Consult the log for full details
04:41:23,791 (main) INFO  [DataNucleus.Enhancer] - DataNucleus Enhancer : Using ClassEnhancer "ASM" for API "JDO"
04:41:23,994 (main) INFO  [DataNucleus.Enhancer] - DataNucleus Enhancer (version 3.0.1) : Enhancement of classes
04:41:24,477 (main) INFO  [DataNucleus.Enhancer] - Class "in.co.blackphoenix.shexp.messaging.data.IntegerRangeFilter" is already enhanced.
04:41:24,477 (main) INFO  [DataNucleus.Enhancer] - Class "in.co.blackphoenix.shexp.messaging.data.Payables" is already enhanced.
04:41:24,477 (main) INFO  [DataNucleus.Enhancer] - Class "in.co.blackphoenix.shexp.messaging.data.Receivables" is already enhanced.
04:41:24,493 (main) INFO  [DataNucleus.Enhancer] - Class "in.co.blackphoenix.shexp.messaging.data.HistoryFilter" is already enhanced.
04:41:24,493 (main) INFO  [DataNucleus.Enhancer] - Class "in.co.blackphoenix.shexp.messaging.data.DoubleRangeFilter" is already enhanced.
04:41:24,493 (main) INFO  [DataNucleus.Enhancer] - Class "in.co.blackphoenix.shexp.messaging.data.IntegerValueFilter" is already enhanced.
04:41:24,493 (main) INFO  [DataNucleus.Enhancer] - Class "in.co.blackphoenix.shexp.messaging.data.RangeFilter" is already enhanced.
04:41:24,493 (main) INFO  [DataNucleus.Enhancer] - Class "in.co.blackphoenix.shexp.messaging.data.DoubleValueFilter" is already enhanced.
04:41:24,493 (main) INFO  [DataNucleus.Enhancer] - Class "in.co.blackphoenix.shexp.messaging.data.DateValueFilter" is already enhanced.
04:41:24,493 (main) INFO  [DataNucleus.Enhancer] - Class "in.co.blackphoenix.shexp.messaging.data.PieSliceParticipant" is already enhanced.
04:41:24,509 (main) INFO  [DataNucleus.Enhancer] - Class "in.co.blackphoenix.shexp.messaging.data.Participant" is already enhanced.
04:41:24,509 (main) INFO  [DataNucleus.Enhancer] - Class "in.co.blackphoenix.shexp.messaging.data.LedgerEntry" is already enhanced.
04:41:24,509 (main) INFO  [DataNucleus.Enhancer] - Class "in.co.blackphoenix.shexp.messaging.data.FixedShareParticipant" is already enhanced.
04:41:24,509 (main) INFO  [DataNucleus.Enhancer] - Class "in.co.blackphoenix.shexp.messaging.data.ValueFilter" is already enhanced.
04:41:24,509 (main) INFO  [DataNucleus.Enhancer] - Class "in.co.blackphoenix.shexp.messaging.data.Bill" is already enhanced.
04:41:24,509 (main) INFO  [DataNucleus.Enhancer] - Class "in.co.blackphoenix.shexp.messaging.data.BalanceSheet" is already enhanced.
04:41:24,509 (main) INFO  [DataNucleus.Enhancer] - Class "in.co.blackphoenix.shexp.messaging.data.DateRangeFilter" is already enhanced.
04:41:24,509 (main) INFO  [DataNucleus.Enhancer] - DataNucleus Enhancer completed with success for 17 classes. Timings : input=468 ms, enhance=32 ms, total=500 ms. Consult the log for full details
04:41:49,749 (main) INFO  [DataNucleus.Enhancer] - DataNucleus Enhancer : Using ClassEnhancer "ASM" for API "JDO"
04:41:49,968 (main) INFO  [DataNucleus.Enhancer] - DataNucleus Enhancer (version 3.0.1) : Enhancement of classes
04:41:50,451 (main) INFO  [DataNucleus.Enhancer] - Writing class file "C:\Users\Manoj\Desktop\Projects\myJavaProjects\ProjectMBD\sharedexpensesserver\build\classes\in\co\blackphoenix\shexp\messaging\data\IntegerRangeFilter.class" with enhanced definition
04:41:50,451 (main) INFO  [DataNucleus.Enhancer] - Writing class file "C:\Users\Manoj\Desktop\Projects\myJavaProjects\ProjectMBD\sharedexpensesserver\build\classes\in\co\blackphoenix\shexp\messaging\data\Payables.class" with enhanced definition
04:41:50,451 (main) INFO  [DataNucleus.Enhancer] - Writing class file "C:\Users\Manoj\Desktop\Projects\myJavaProjects\ProjectMBD\sharedexpensesserver\build\classes\in\co\blackphoenix\shexp\messaging\data\Receivables.class" with enhanced definition
04:41:50,467 (main) INFO  [DataNucleus.Enhancer] - Writing class file "C:\Users\Manoj\Desktop\Projects\myJavaProjects\ProjectMBD\sharedexpensesserver\build\classes\in\co\blackphoenix\shexp\messaging\data\HistoryFilter.class" with enhanced definition
04:41:50,483 (main) INFO  [DataNucleus.Enhancer] - Writing class file "C:\Users\Manoj\Desktop\Projects\myJavaProjects\ProjectMBD\sharedexpensesserver\build\classes\in\co\blackphoenix\shexp\messaging\data\DoubleRangeFilter.class" with enhanced definition
04:41:50,483 (main) INFO  [DataNucleus.Enhancer] - Writing class file "C:\Users\Manoj\Desktop\Projects\myJavaProjects\ProjectMBD\sharedexpensesserver\build\classes\in\co\blackphoenix\shexp\messaging\data\IntegerValueFilter.class" with enhanced definition
04:41:50,483 (main) INFO  [DataNucleus.Enhancer] - Writing class file "C:\Users\Manoj\Desktop\Projects\myJavaProjects\ProjectMBD\sharedexpensesserver\build\classes\in\co\blackphoenix\shexp\messaging\data\RangeFilter.class" with enhanced definition
04:41:50,483 (main) INFO  [DataNucleus.Enhancer] - Writing class file "C:\Users\Manoj\Desktop\Projects\myJavaProjects\ProjectMBD\sharedexpensesserver\build\classes\in\co\blackphoenix\shexp\messaging\data\DoubleValueFilter.class" with enhanced definition
04:41:50,498 (main) INFO  [DataNucleus.Enhancer] - Writing class file "C:\Users\Manoj\Desktop\Projects\myJavaProjects\ProjectMBD\sharedexpensesserver\build\classes\in\co\blackphoenix\shexp\messaging\data\DateValueFilter.class" with enhanced definition
04:41:50,498 (main) INFO  [DataNucleus.Enhancer] - Writing class file "C:\Users\Manoj\Desktop\Projects\myJavaProjects\ProjectMBD\sharedexpensesserver\build\classes\in\co\blackphoenix\shexp\messaging\data\PieSliceParticipant.class" with enhanced definition
04:41:50,498 (main) INFO  [DataNucleus.Enhancer] - Writing class file "C:\Users\Manoj\Desktop\Projects\myJavaProjects\ProjectMBD\sharedexpensesserver\build\classes\in\co\blackphoenix\shexp\messaging\data\Participant.class" with enhanced definition
04:41:50,498 (main) INFO  [DataNucleus.Enhancer] - Writing class file "C:\Users\Manoj\Desktop\Projects\myJavaProjects\ProjectMBD\sharedexpensesserver\build\classes\in\co\blackphoenix\shexp\messaging\data\LedgerEntry.class" with enhanced definition
04:41:50,514 (main) INFO  [DataNucleus.Enhancer] - Writing class file "C:\Users\Manoj\Desktop\Projects\myJavaProjects\ProjectMBD\sharedexpensesserver\build\classes\in\co\blackphoenix\shexp\messaging\data\FixedShareParticipant.class" with enhanced definition
04:41:50,514 (main) INFO  [DataNucleus.Enhancer] - Writing class file "C:\Users\Manoj\Desktop\Projects\myJavaProjects\ProjectMBD\sharedexpensesserver\build\classes\in\co\blackphoenix\shexp\messaging\data\ValueFilter.class" with enhanced definition
04:41:50,514 (main) INFO  [DataNucleus.Enhancer] - Writing class file "C:\Users\Manoj\Desktop\Projects\myJavaProjects\ProjectMBD\sharedexpensesserver\build\classes\in\co\blackphoenix\shexp\messaging\data\Bill.class" with enhanced definition
04:41:50,529 (main) INFO  [DataNucleus.Enhancer] - Writing class file "C:\Users\Manoj\Desktop\Projects\myJavaProjects\ProjectMBD\sharedexpensesserver\build\classes\in\co\blackphoenix\shexp\messaging\data\BalanceSheet.class" with enhanced definition
04:41:50,529 (main) INFO  [DataNucleus.Enhancer] - Writing class file "C:\Users\Manoj\Desktop\Projects\myJavaProjects\ProjectMBD\sharedexpensesserver\build\classes\in\co\blackphoenix\shexp\messaging\data\DateRangeFilter.class" with enhanced definition
04:41:50,529 (main) INFO  [DataNucleus.Enhancer] - DataNucleus Enhancer completed with success for 17 classes. Timings : input=437 ms, enhance=109 ms, total=546 ms. Consult the log for full details
04:44:08,981 (main) INFO  [DataNucleus.Enhancer] - DataNucleus Enhancer : Using ClassEnhancer "ASM" for API "JDO"
04:44:09,199 (main) INFO  [DataNucleus.Enhancer] - DataNucleus Enhancer (version 3.0.1) : Enhancement of classes
04:44:09,698 (main) INFO  [DataNucleus.Enhancer] - Writing class file "C:\Users\Manoj\Desktop\Projects\myJavaProjects\ProjectMBD\sharedexpensesserver\build\classes\in\co\blackphoenix\shexp\messaging\data\IntegerRangeFilter.class" with enhanced definition
04:44:09,698 (main) INFO  [DataNucleus.Enhancer] - Writing class file "C:\Users\Manoj\Desktop\Projects\myJavaProjects\ProjectMBD\sharedexpensesserver\build\classes\in\co\blackphoenix\shexp\messaging\data\Payables.class" with enhanced definition
04:44:09,714 (main) INFO  [DataNucleus.Enhancer] - Writing class file "C:\Users\Manoj\Desktop\Projects\myJavaProjects\ProjectMBD\sharedexpensesserver\build\classes\in\co\blackphoenix\shexp\messaging\data\Receivables.class" with enhanced definition
04:44:09,729 (main) INFO  [DataNucleus.Enhancer] - Writing class file "C:\Users\Manoj\Desktop\Projects\myJavaProjects\ProjectMBD\sharedexpensesserver\build\classes\in\co\blackphoenix\shexp\messaging\data\HistoryFilter.class" with enhanced definition
04:44:09,729 (main) INFO  [DataNucleus.Enhancer] - Writing class file "C:\Users\Manoj\Desktop\Projects\myJavaProjects\ProjectMBD\sharedexpensesserver\build\classes\in\co\blackphoenix\shexp\messaging\data\DoubleRangeFilter.class" with enhanced definition
04:44:09,745 (main) INFO  [DataNucleus.Enhancer] - Writing class file "C:\Users\Manoj\Desktop\Projects\myJavaProjects\ProjectMBD\sharedexpensesserver\build\classes\in\co\blackphoenix\shexp\messaging\data\IntegerValueFilter.class" with enhanced definition
04:44:09,745 (main) INFO  [DataNucleus.Enhancer] - Writing class file "C:\Users\Manoj\Desktop\Projects\myJavaProjects\ProjectMBD\sharedexpensesserver\build\classes\in\co\blackphoenix\shexp\messaging\data\RangeFilter.class" with enhanced definition
04:44:09,745 (main) INFO  [DataNucleus.Enhancer] - Writing class file "C:\Users\Manoj\Desktop\Projects\myJavaProjects\ProjectMBD\sharedexpensesserver\build\classes\in\co\blackphoenix\shexp\messaging\data\DoubleValueFilter.class" with enhanced definition
04:44:09,745 (main) INFO  [DataNucleus.Enhancer] - Writing class file "C:\Users\Manoj\Desktop\Projects\myJavaProjects\ProjectMBD\sharedexpensesserver\build\classes\in\co\blackphoenix\shexp\messaging\data\DateValueFilter.class" with enhanced definition
04:44:09,761 (main) INFO  [DataNucleus.Enhancer] - Writing class file "C:\Users\Manoj\Desktop\Projects\myJavaProjects\ProjectMBD\sharedexpensesserver\build\classes\in\co\blackphoenix\shexp\messaging\data\PieSliceParticipant.class" with enhanced definition
04:44:09,761 (main) INFO  [DataNucleus.Enhancer] - Writing class file "C:\Users\Manoj\Desktop\Projects\myJavaProjects\ProjectMBD\sharedexpensesserver\build\classes\in\co\blackphoenix\shexp\messaging\data\Participant.class" with enhanced definition
04:44:09,761 (main) INFO  [DataNucleus.Enhancer] - Writing class file "C:\Users\Manoj\Desktop\Projects\myJavaProjects\ProjectMBD\sharedexpensesserver\build\classes\in\co\blackphoenix\shexp\messaging\data\LedgerEntry.class" with enhanced definition
04:44:09,761 (main) INFO  [DataNucleus.Enhancer] - Writing class file "C:\Users\Manoj\Desktop\Projects\myJavaProjects\ProjectMBD\sharedexpensesserver\build\classes\in\co\blackphoenix\shexp\messaging\data\FixedShareParticipant.class" with enhanced definition
04:44:09,776 (main) INFO  [DataNucleus.Enhancer] - Writing class file "C:\Users\Manoj\Desktop\Projects\myJavaProjects\ProjectMBD\sharedexpensesserver\build\classes\in\co\blackphoenix\shexp\messaging\data\ValueFilter.class" with enhanced definition
04:44:09,776 (main) INFO  [DataNucleus.Enhancer] - Writing class file "C:\Users\Manoj\Desktop\Projects\myJavaProjects\ProjectMBD\sharedexpensesserver\build\classes\in\co\blackphoenix\shexp\messaging\data\Bill.class" with enhanced definition
04:44:09,792 (main) INFO  [DataNucleus.Enhancer] - Writing class file "C:\Users\Manoj\Desktop\Projects\myJavaProjects\ProjectMBD\sharedexpensesserver\build\classes\in\co\blackphoenix\shexp\messaging\data\BalanceSheet.class" with enhanced definition
04:44:09,792 (main) INFO  [DataNucleus.Enhancer] - Writing class file "C:\Users\Manoj\Desktop\Projects\myJavaProjects\ProjectMBD\sharedexpensesserver\build\classes\in\co\blackphoenix\shexp\messaging\data\DateRangeFilter.class" with enhanced definition
04:44:09,792 (main) INFO  [DataNucleus.Enhancer] - DataNucleus Enhancer completed with success for 17 classes. Timings : input=468 ms, enhance=125 ms, total=593 ms. Consult the log for full details
04:49:37,260 (main) INFO  [DataNucleus.Enhancer] - DataNucleus Enhancer : Using ClassEnhancer "ASM" for API "JDO"
04:49:37,494 (main) INFO  [DataNucleus.Enhancer] - DataNucleus Enhancer (version 3.0.1) : Enhancement of classes
04:49:37,993 (main) INFO  [DataNucleus.Enhancer] - Class "in.co.blackphoenix.shexp.messaging.data.IntegerRangeFilter" is already enhanced.
04:49:37,993 (main) INFO  [DataNucleus.Enhancer] - Class "in.co.blackphoenix.shexp.messaging.data.Payables" is already enhanced.
04:49:37,993 (main) INFO  [DataNucleus.Enhancer] - Class "in.co.blackphoenix.shexp.messaging.data.Receivables" is already enhanced.
04:49:38,009 (main) INFO  [DataNucleus.Enhancer] - Class "in.co.blackphoenix.shexp.messaging.data.HistoryFilter" is already enhanced.
04:49:38,009 (main) INFO  [DataNucleus.Enhancer] - Class "in.co.blackphoenix.shexp.messaging.data.DoubleRangeFilter" is already enhanced.
04:49:38,009 (main) INFO  [DataNucleus.Enhancer] - Class "in.co.blackphoenix.shexp.messaging.data.IntegerValueFilter" is already enhanced.
04:49:38,009 (main) INFO  [DataNucleus.Enhancer] - Class "in.co.blackphoenix.shexp.messaging.data.RangeFilter" is already enhanced.
04:49:38,009 (main) INFO  [DataNucleus.Enhancer] - Class "in.co.blackphoenix.shexp.messaging.data.DoubleValueFilter" is already enhanced.
04:49:38,009 (main) INFO  [DataNucleus.Enhancer] - Class "in.co.blackphoenix.shexp.messaging.data.DateValueFilter" is already enhanced.
04:49:38,024 (main) INFO  [DataNucleus.Enhancer] - Writing class file "C:\Users\Manoj\Desktop\Projects\myJavaProjects\ProjectMBD\sharedexpensesserver\build\classes\in\co\blackphoenix\shexp\messaging\data\PieSliceParticipant.class" with enhanced definition
04:49:38,040 (main) INFO  [DataNucleus.Enhancer] - Writing class file "C:\Users\Manoj\Desktop\Projects\myJavaProjects\ProjectMBD\sharedexpensesserver\build\classes\in\co\blackphoenix\shexp\messaging\data\Participant.class" with enhanced definition
04:49:38,040 (main) INFO  [DataNucleus.Enhancer] - Class "in.co.blackphoenix.shexp.messaging.data.LedgerEntry" is already enhanced.
04:49:38,040 (main) INFO  [DataNucleus.Enhancer] - Writing class file "C:\Users\Manoj\Desktop\Projects\myJavaProjects\ProjectMBD\sharedexpensesserver\build\classes\in\co\blackphoenix\shexp\messaging\data\FixedShareParticipant.class" with enhanced definition
04:49:38,040 (main) INFO  [DataNucleus.Enhancer] - Class "in.co.blackphoenix.shexp.messaging.data.ValueFilter" is already enhanced.
04:49:38,040 (main) INFO  [DataNucleus.Enhancer] - Writing class file "C:\Users\Manoj\Desktop\Projects\myJavaProjects\ProjectMBD\sharedexpensesserver\build\classes\in\co\blackphoenix\shexp\messaging\data\Bill.class" with enhanced definition
04:49:38,055 (main) INFO  [DataNucleus.Enhancer] - Class "in.co.blackphoenix.shexp.messaging.data.BalanceSheet" is already enhanced.
04:49:38,055 (main) INFO  [DataNucleus.Enhancer] - Class "in.co.blackphoenix.shexp.messaging.data.DateRangeFilter" is already enhanced.
04:49:38,055 (main) INFO  [DataNucleus.Enhancer] - DataNucleus Enhancer completed with success for 17 classes. Timings : input=483 ms, enhance=78 ms, total=561 ms. Consult the log for full details
04:50:55,306 (main) INFO  [DataNucleus.Enhancer] - DataNucleus Enhancer : Using ClassEnhancer "ASM" for API "JDO"
04:50:55,509 (main) INFO  [DataNucleus.Enhancer] - DataNucleus Enhancer (version 3.0.1) : Enhancement of classes
04:50:55,992 (main) INFO  [DataNucleus.Enhancer] - Writing class file "C:\Users\Manoj\Desktop\Projects\myJavaProjects\ProjectMBD\sharedexpensesserver\build\classes\in\co\blackphoenix\shexp\messaging\data\IntegerRangeFilter.class" with enhanced definition
04:50:55,992 (main) INFO  [DataNucleus.Enhancer] - Writing class file "C:\Users\Manoj\Desktop\Projects\myJavaProjects\ProjectMBD\sharedexpensesserver\build\classes\in\co\blackphoenix\shexp\messaging\data\Payables.class" with enhanced definition
04:50:55,992 (main) INFO  [DataNucleus.Enhancer] - Writing class file "C:\Users\Manoj\Desktop\Projects\myJavaProjects\ProjectMBD\sharedexpensesserver\build\classes\in\co\blackphoenix\shexp\messaging\data\Receivables.class" with enhanced definition
04:50:56,008 (main) INFO  [DataNucleus.Enhancer] - Writing class file "C:\Users\Manoj\Desktop\Projects\myJavaProjects\ProjectMBD\sharedexpensesserver\build\classes\in\co\blackphoenix\shexp\messaging\data\HistoryFilter.class" with enhanced definition
04:50:56,008 (main) INFO  [DataNucleus.Enhancer] - Writing class file "C:\Users\Manoj\Desktop\Projects\myJavaProjects\ProjectMBD\sharedexpensesserver\build\classes\in\co\blackphoenix\shexp\messaging\data\DoubleRangeFilter.class" with enhanced definition
04:50:56,024 (main) INFO  [DataNucleus.Enhancer] - Writing class file "C:\Users\Manoj\Desktop\Projects\myJavaProjects\ProjectMBD\sharedexpensesserver\build\classes\in\co\blackphoenix\shexp\messaging\data\IntegerValueFilter.class" with enhanced definition
04:50:56,024 (main) INFO  [DataNucleus.Enhancer] - Writing class file "C:\Users\Manoj\Desktop\Projects\myJavaProjects\ProjectMBD\sharedexpensesserver\build\classes\in\co\blackphoenix\shexp\messaging\data\RangeFilter.class" with enhanced definition
04:50:56,024 (main) INFO  [DataNucleus.Enhancer] - Writing class file "C:\Users\Manoj\Desktop\Projects\myJavaProjects\ProjectMBD\sharedexpensesserver\build\classes\in\co\blackphoenix\shexp\messaging\data\DoubleValueFilter.class" with enhanced definition
04:50:56,039 (main) INFO  [DataNucleus.Enhancer] - Writing class file "C:\Users\Manoj\Desktop\Projects\myJavaProjects\ProjectMBD\sharedexpensesserver\build\classes\in\co\blackphoenix\shexp\messaging\data\DateValueFilter.class" with enhanced definition
04:50:56,039 (main) INFO  [DataNucleus.Enhancer] - Writing class file "C:\Users\Manoj\Desktop\Projects\myJavaProjects\ProjectMBD\sharedexpensesserver\build\classes\in\co\blackphoenix\shexp\messaging\data\PieSliceParticipant.class" with enhanced definition
04:50:56,039 (main) INFO  [DataNucleus.Enhancer] - Writing class file "C:\Users\Manoj\Desktop\Projects\myJavaProjects\ProjectMBD\sharedexpensesserver\build\classes\in\co\blackphoenix\shexp\messaging\data\Participant.class" with enhanced definition
04:50:56,039 (main) INFO  [DataNucleus.Enhancer] - Writing class file "C:\Users\Manoj\Desktop\Projects\myJavaProjects\ProjectMBD\sharedexpensesserver\build\classes\in\co\blackphoenix\shexp\messaging\data\LedgerEntry.class" with enhanced definition
04:50:56,055 (main) INFO  [DataNucleus.Enhancer] - Writing class file "C:\Users\Manoj\Desktop\Projects\myJavaProjects\ProjectMBD\sharedexpensesserver\build\classes\in\co\blackphoenix\shexp\messaging\data\FixedShareParticipant.class" with enhanced definition
04:50:56,055 (main) INFO  [DataNucleus.Enhancer] - Writing class file "C:\Users\Manoj\Desktop\Projects\myJavaProjects\ProjectMBD\sharedexpensesserver\build\classes\in\co\blackphoenix\shexp\messaging\data\ValueFilter.class" with enhanced definition
04:50:56,055 (main) INFO  [DataNucleus.Enhancer] - Writing class file "C:\Users\Manoj\Desktop\Projects\myJavaProjects\ProjectMBD\sharedexpensesserver\build\classes\in\co\blackphoenix\shexp\messaging\data\Bill.class" with enhanced definition
04:50:56,070 (main) INFO  [DataNucleus.Enhancer] - Writing class file "C:\Users\Manoj\Desktop\Projects\myJavaProjects\ProjectMBD\sharedexpensesserver\build\classes\in\co\blackphoenix\shexp\messaging\data\BalanceSheet.class" with enhanced definition
04:50:56,070 (main) INFO  [DataNucleus.Enhancer] - Writing class file "C:\Users\Manoj\Desktop\Projects\myJavaProjects\ProjectMBD\sharedexpensesserver\build\classes\in\co\blackphoenix\shexp\messaging\data\DateRangeFilter.class" with enhanced definition
04:50:56,070 (main) INFO  [DataNucleus.Enhancer] - DataNucleus Enhancer completed with success for 17 classes. Timings : input=452 ms, enhance=109 ms, total=561 ms. Consult the log for full details
04:56:12,425 (main) INFO  [DataNucleus.Enhancer] - DataNucleus Enhancer : Using ClassEnhancer "ASM" for API "JDO"
04:56:12,635 (main) INFO  [DataNucleus.Enhancer] - DataNucleus Enhancer (version 3.0.1) : Enhancement of classes
04:56:13,138 (main) INFO  [DataNucleus.Enhancer] - Writing class file "C:\Users\Manoj\Desktop\Projects\myJavaProjects\ProjectMBD\sharedexpensesserver\build\classes\in\co\blackphoenix\shexp\messaging\data\IntegerRangeFilter.class" with enhanced definition
04:56:13,141 (main) INFO  [DataNucleus.Enhancer] - Writing class file "C:\Users\Manoj\Desktop\Projects\myJavaProjects\ProjectMBD\sharedexpensesserver\build\classes\in\co\blackphoenix\shexp\messaging\data\Payables.class" with enhanced definition
04:56:13,145 (main) INFO  [DataNucleus.Enhancer] - Writing class file "C:\Users\Manoj\Desktop\Projects\myJavaProjects\ProjectMBD\sharedexpensesserver\build\classes\in\co\blackphoenix\shexp\messaging\data\Receivables.class" with enhanced definition
04:56:13,163 (main) INFO  [DataNucleus.Enhancer] - Writing class file "C:\Users\Manoj\Desktop\Projects\myJavaProjects\ProjectMBD\sharedexpensesserver\build\classes\in\co\blackphoenix\shexp\messaging\data\HistoryFilter.class" with enhanced definition
04:56:13,168 (main) INFO  [DataNucleus.Enhancer] - Writing class file "C:\Users\Manoj\Desktop\Projects\myJavaProjects\ProjectMBD\sharedexpensesserver\build\classes\in\co\blackphoenix\shexp\messaging\data\DoubleRangeFilter.class" with enhanced definition
04:56:13,172 (main) INFO  [DataNucleus.Enhancer] - Writing class file "C:\Users\Manoj\Desktop\Projects\myJavaProjects\ProjectMBD\sharedexpensesserver\build\classes\in\co\blackphoenix\shexp\messaging\data\IntegerValueFilter.class" with enhanced definition
04:56:13,177 (main) INFO  [DataNucleus.Enhancer] - Writing class file "C:\Users\Manoj\Desktop\Projects\myJavaProjects\ProjectMBD\sharedexpensesserver\build\classes\in\co\blackphoenix\shexp\messaging\data\RangeFilter.class" with enhanced definition
04:56:13,181 (main) INFO  [DataNucleus.Enhancer] - Writing class file "C:\Users\Manoj\Desktop\Projects\myJavaProjects\ProjectMBD\sharedexpensesserver\build\classes\in\co\blackphoenix\shexp\messaging\data\DoubleValueFilter.class" with enhanced definition
04:56:13,186 (main) INFO  [DataNucleus.Enhancer] - Writing class file "C:\Users\Manoj\Desktop\Projects\myJavaProjects\ProjectMBD\sharedexpensesserver\build\classes\in\co\blackphoenix\shexp\messaging\data\DateValueFilter.class" with enhanced definition
04:56:13,190 (main) INFO  [DataNucleus.Enhancer] - Writing class file "C:\Users\Manoj\Desktop\Projects\myJavaProjects\ProjectMBD\sharedexpensesserver\build\classes\in\co\blackphoenix\shexp\messaging\data\PieSliceParticipant.class" with enhanced definition
04:56:13,195 (main) INFO  [DataNucleus.Enhancer] - Writing class file "C:\Users\Manoj\Desktop\Projects\myJavaProjects\ProjectMBD\sharedexpensesserver\build\classes\in\co\blackphoenix\shexp\messaging\data\Participant.class" with enhanced definition
04:56:13,199 (main) INFO  [DataNucleus.Enhancer] - Writing class file "C:\Users\Manoj\Desktop\Projects\myJavaProjects\ProjectMBD\sharedexpensesserver\build\classes\in\co\blackphoenix\shexp\messaging\data\LedgerEntry.class" with enhanced definition
04:56:13,202 (main) INFO  [DataNucleus.Enhancer] - Writing class file "C:\Users\Manoj\Desktop\Projects\myJavaProjects\ProjectMBD\sharedexpensesserver\build\classes\in\co\blackphoenix\shexp\messaging\data\FixedShareParticipant.class" with enhanced definition
04:56:13,205 (main) INFO  [DataNucleus.Enhancer] - Writing class file "C:\Users\Manoj\Desktop\Projects\myJavaProjects\ProjectMBD\sharedexpensesserver\build\classes\in\co\blackphoenix\shexp\messaging\data\ValueFilter.class" with enhanced definition
04:56:13,211 (main) INFO  [DataNucleus.Enhancer] - Writing class file "C:\Users\Manoj\Desktop\Projects\myJavaProjects\ProjectMBD\sharedexpensesserver\build\classes\in\co\blackphoenix\shexp\messaging\data\Bill.class" with enhanced definition
04:56:13,217 (main) INFO  [DataNucleus.Enhancer] - Writing class file "C:\Users\Manoj\Desktop\Projects\myJavaProjects\ProjectMBD\sharedexpensesserver\build\classes\in\co\blackphoenix\shexp\messaging\data\BalanceSheet.class" with enhanced definition
04:56:13,221 (main) INFO  [DataNucleus.Enhancer] - Writing class file "C:\Users\Manoj\Desktop\Projects\myJavaProjects\ProjectMBD\sharedexpensesserver\build\classes\in\co\blackphoenix\shexp\messaging\data\DateRangeFilter.class" with enhanced definition
04:56:13,221 (main) INFO  [DataNucleus.Enhancer] - DataNucleus Enhancer completed with success for 17 classes. Timings : input=469 ms, enhance=113 ms, total=582 ms. Consult the log for full details
05:03:32,050 (main) INFO  [DataNucleus.Enhancer] - DataNucleus Enhancer : Using ClassEnhancer "ASM" for API "JDO"
05:03:32,268 (main) INFO  [DataNucleus.Enhancer] - DataNucleus Enhancer (version 3.0.1) : Enhancement of classes
05:03:32,455 (main) ERROR [DataNucleus.Enhancer] - DataNucleus Enhancer completed with an error. Please review the enhancer log for full details. Some classes may have been enhanced but some caused errors
Class "in.co.blackphoenix.shexp.messaging.data.PieSliceParticipant" has been specified to use an inheritance strategy of "superclass-table", persisting to the table of class in.co.blackphoenix.shexp.messaging.data.Participant, however this class doesnt have a discriminator specified.
org.datanucleus.metadata.InvalidMetaDataException: Class "in.co.blackphoenix.shexp.messaging.data.PieSliceParticipant" has been specified to use an inheritance strategy of "superclass-table", persisting to the table of class in.co.blackphoenix.shexp.messaging.data.Participant, however this class doesnt have a discriminator specified.
	at org.datanucleus.metadata.AbstractClassMetaData.validateUserInputForInheritanceMetaData(AbstractClassMetaData.java:956)
	at org.datanucleus.metadata.ClassMetaData.populate(ClassMetaData.java:201)
	at org.datanucleus.metadata.MetaDataManager$1.run(MetaDataManager.java:2659)
	at java.security.AccessController.doPrivileged(Native Method)
	at org.datanucleus.metadata.MetaDataManager.populateAbstractClassMetaData(MetaDataManager.java:2653)
	at org.datanucleus.metadata.MetaDataManager.populateFileMetaData(MetaDataManager.java:2476)
	at org.datanucleus.metadata.MetaDataManager.initialiseFileMetaDataForUse(MetaDataManager.java:1086)
	at org.datanucleus.metadata.MetaDataManager.loadMetadataFiles(MetaDataManager.java:441)
	at org.datanucleus.enhancer.DataNucleusEnhancer.getFileMetadataForInput(DataNucleusEnhancer.java:814)
	at org.datanucleus.enhancer.DataNucleusEnhancer.enhance(DataNucleusEnhancer.java:590)
	at org.datanucleus.enhancer.DataNucleusEnhancer.main(DataNucleusEnhancer.java:1390)
05:06:53,620 (main) INFO  [DataNucleus.Enhancer] - DataNucleus Enhancer : Using ClassEnhancer "ASM" for API "JDO"
05:06:53,823 (main) INFO  [DataNucleus.Enhancer] - DataNucleus Enhancer (version 3.0.1) : Enhancement of classes
05:06:54,306 (main) INFO  [DataNucleus.Enhancer] - Writing class file "C:\Users\Manoj\Desktop\Projects\myJavaProjects\ProjectMBD\sharedexpensesserver\build\classes\in\co\blackphoenix\shexp\messaging\data\IntegerRangeFilter.class" with enhanced definition
05:06:54,306 (main) INFO  [DataNucleus.Enhancer] - Writing class file "C:\Users\Manoj\Desktop\Projects\myJavaProjects\ProjectMBD\sharedexpensesserver\build\classes\in\co\blackphoenix\shexp\messaging\data\Payables.class" with enhanced definition
05:06:54,306 (main) INFO  [DataNucleus.Enhancer] - Writing class file "C:\Users\Manoj\Desktop\Projects\myJavaProjects\ProjectMBD\sharedexpensesserver\build\classes\in\co\blackphoenix\shexp\messaging\data\Receivables.class" with enhanced definition
05:06:54,322 (main) INFO  [DataNucleus.Enhancer] - Writing class file "C:\Users\Manoj\Desktop\Projects\myJavaProjects\ProjectMBD\sharedexpensesserver\build\classes\in\co\blackphoenix\shexp\messaging\data\HistoryFilter.class" with enhanced definition
05:06:54,322 (main) INFO  [DataNucleus.Enhancer] - Writing class file "C:\Users\Manoj\Desktop\Projects\myJavaProjects\ProjectMBD\sharedexpensesserver\build\classes\in\co\blackphoenix\shexp\messaging\data\DoubleRangeFilter.class" with enhanced definition
05:06:54,338 (main) INFO  [DataNucleus.Enhancer] - Writing class file "C:\Users\Manoj\Desktop\Projects\myJavaProjects\ProjectMBD\sharedexpensesserver\build\classes\in\co\blackphoenix\shexp\messaging\data\IntegerValueFilter.class" with enhanced definition
05:06:54,338 (main) INFO  [DataNucleus.Enhancer] - Writing class file "C:\Users\Manoj\Desktop\Projects\myJavaProjects\ProjectMBD\sharedexpensesserver\build\classes\in\co\blackphoenix\shexp\messaging\data\RangeFilter.class" with enhanced definition
05:06:54,338 (main) INFO  [DataNucleus.Enhancer] - Writing class file "C:\Users\Manoj\Desktop\Projects\myJavaProjects\ProjectMBD\sharedexpensesserver\build\classes\in\co\blackphoenix\shexp\messaging\data\DoubleValueFilter.class" with enhanced definition
05:06:54,338 (main) INFO  [DataNucleus.Enhancer] - Writing class file "C:\Users\Manoj\Desktop\Projects\myJavaProjects\ProjectMBD\sharedexpensesserver\build\classes\in\co\blackphoenix\shexp\messaging\data\DateValueFilter.class" with enhanced definition
05:06:54,353 (main) INFO  [DataNucleus.Enhancer] - Writing class file "C:\Users\Manoj\Desktop\Projects\myJavaProjects\ProjectMBD\sharedexpensesserver\build\classes\in\co\blackphoenix\shexp\messaging\data\PieSliceParticipant.class" with enhanced definition
05:06:54,353 (main) INFO  [DataNucleus.Enhancer] - Writing class file "C:\Users\Manoj\Desktop\Projects\myJavaProjects\ProjectMBD\sharedexpensesserver\build\classes\in\co\blackphoenix\shexp\messaging\data\Participant.class" with enhanced definition
05:06:54,353 (main) INFO  [DataNucleus.Enhancer] - Writing class file "C:\Users\Manoj\Desktop\Projects\myJavaProjects\ProjectMBD\sharedexpensesserver\build\classes\in\co\blackphoenix\shexp\messaging\data\LedgerEntry.class" with enhanced definition
05:06:54,353 (main) INFO  [DataNucleus.Enhancer] - Writing class file "C:\Users\Manoj\Desktop\Projects\myJavaProjects\ProjectMBD\sharedexpensesserver\build\classes\in\co\blackphoenix\shexp\messaging\data\FixedShareParticipant.class" with enhanced definition
05:06:54,369 (main) INFO  [DataNucleus.Enhancer] - Writing class file "C:\Users\Manoj\Desktop\Projects\myJavaProjects\ProjectMBD\sharedexpensesserver\build\classes\in\co\blackphoenix\shexp\messaging\data\ValueFilter.class" with enhanced definition
05:06:54,369 (main) INFO  [DataNucleus.Enhancer] - Writing class file "C:\Users\Manoj\Desktop\Projects\myJavaProjects\ProjectMBD\sharedexpensesserver\build\classes\in\co\blackphoenix\shexp\messaging\data\Bill.class" with enhanced definition
05:06:54,369 (main) INFO  [DataNucleus.Enhancer] - Writing class file "C:\Users\Manoj\Desktop\Projects\myJavaProjects\ProjectMBD\sharedexpensesserver\build\classes\in\co\blackphoenix\shexp\messaging\data\BalanceSheet.class" with enhanced definition
05:06:54,369 (main) INFO  [DataNucleus.Enhancer] - Writing class file "C:\Users\Manoj\Desktop\Projects\myJavaProjects\ProjectMBD\sharedexpensesserver\build\classes\in\co\blackphoenix\shexp\messaging\data\DateRangeFilter.class" with enhanced definition
05:06:54,384 (main) INFO  [DataNucleus.Enhancer] - DataNucleus Enhancer completed with success for 17 classes. Timings : input=452 ms, enhance=109 ms, total=561 ms. Consult the log for full details
05:08:50,812 (main) INFO  [DataNucleus.Enhancer] - DataNucleus Enhancer : Using ClassEnhancer "ASM" for API "JDO"
05:08:51,046 (main) INFO  [DataNucleus.Enhancer] - DataNucleus Enhancer (version 3.0.1) : Enhancement of classes
05:08:51,530 (main) INFO  [DataNucleus.Enhancer] - Writing class file "C:\Users\Manoj\Desktop\Projects\myJavaProjects\ProjectMBD\sharedexpensesserver\build\classes\in\co\blackphoenix\shexp\messaging\data\IntegerRangeFilter.class" with enhanced definition
05:08:51,530 (main) INFO  [DataNucleus.Enhancer] - Writing class file "C:\Users\Manoj\Desktop\Projects\myJavaProjects\ProjectMBD\sharedexpensesserver\build\classes\in\co\blackphoenix\shexp\messaging\data\Payables.class" with enhanced definition
05:08:51,530 (main) INFO  [DataNucleus.Enhancer] - Writing class file "C:\Users\Manoj\Desktop\Projects\myJavaProjects\ProjectMBD\sharedexpensesserver\build\classes\in\co\blackphoenix\shexp\messaging\data\Receivables.class" with enhanced definition
05:08:51,545 (main) INFO  [DataNucleus.Enhancer] - Writing class file "C:\Users\Manoj\Desktop\Projects\myJavaProjects\ProjectMBD\sharedexpensesserver\build\classes\in\co\blackphoenix\shexp\messaging\data\HistoryFilter.class" with enhanced definition
05:08:51,561 (main) INFO  [DataNucleus.Enhancer] - Writing class file "C:\Users\Manoj\Desktop\Projects\myJavaProjects\ProjectMBD\sharedexpensesserver\build\classes\in\co\blackphoenix\shexp\messaging\data\DoubleRangeFilter.class" with enhanced definition
05:08:51,561 (main) INFO  [DataNucleus.Enhancer] - Writing class file "C:\Users\Manoj\Desktop\Projects\myJavaProjects\ProjectMBD\sharedexpensesserver\build\classes\in\co\blackphoenix\shexp\messaging\data\IntegerValueFilter.class" with enhanced definition
05:08:51,561 (main) INFO  [DataNucleus.Enhancer] - Writing class file "C:\Users\Manoj\Desktop\Projects\myJavaProjects\ProjectMBD\sharedexpensesserver\build\classes\in\co\blackphoenix\shexp\messaging\data\RangeFilter.class" with enhanced definition
05:08:51,561 (main) INFO  [DataNucleus.Enhancer] - Writing class file "C:\Users\Manoj\Desktop\Projects\myJavaProjects\ProjectMBD\sharedexpensesserver\build\classes\in\co\blackphoenix\shexp\messaging\data\DoubleValueFilter.class" with enhanced definition
05:08:51,576 (main) INFO  [DataNucleus.Enhancer] - Writing class file "C:\Users\Manoj\Desktop\Projects\myJavaProjects\ProjectMBD\sharedexpensesserver\build\classes\in\co\blackphoenix\shexp\messaging\data\DateValueFilter.class" with enhanced definition
05:08:51,576 (main) INFO  [DataNucleus.Enhancer] - Writing class file "C:\Users\Manoj\Desktop\Projects\myJavaProjects\ProjectMBD\sharedexpensesserver\build\classes\in\co\blackphoenix\shexp\messaging\data\PieSliceParticipant.class" with enhanced definition
05:08:51,576 (main) INFO  [DataNucleus.Enhancer] - Writing class file "C:\Users\Manoj\Desktop\Projects\myJavaProjects\ProjectMBD\sharedexpensesserver\build\classes\in\co\blackphoenix\shexp\messaging\data\Participant.class" with enhanced definition
05:08:51,576 (main) INFO  [DataNucleus.Enhancer] - Writing class file "C:\Users\Manoj\Desktop\Projects\myJavaProjects\ProjectMBD\sharedexpensesserver\build\classes\in\co\blackphoenix\shexp\messaging\data\LedgerEntry.class" with enhanced definition
05:08:51,592 (main) INFO  [DataNucleus.Enhancer] - Writing class file "C:\Users\Manoj\Desktop\Projects\myJavaProjects\ProjectMBD\sharedexpensesserver\build\classes\in\co\blackphoenix\shexp\messaging\data\FixedShareParticipant.class" with enhanced definition
05:08:51,592 (main) INFO  [DataNucleus.Enhancer] - Writing class file "C:\Users\Manoj\Desktop\Projects\myJavaProjects\ProjectMBD\sharedexpensesserver\build\classes\in\co\blackphoenix\shexp\messaging\data\ValueFilter.class" with enhanced definition
05:08:51,592 (main) INFO  [DataNucleus.Enhancer] - Writing class file "C:\Users\Manoj\Desktop\Projects\myJavaProjects\ProjectMBD\sharedexpensesserver\build\classes\in\co\blackphoenix\shexp\messaging\data\Bill.class" with enhanced definition
05:08:51,592 (main) INFO  [DataNucleus.Enhancer] - Writing class file "C:\Users\Manoj\Desktop\Projects\myJavaProjects\ProjectMBD\sharedexpensesserver\build\classes\in\co\blackphoenix\shexp\messaging\data\BalanceSheet.class" with enhanced definition
05:08:51,608 (main) INFO  [DataNucleus.Enhancer] - Writing class file "C:\Users\Manoj\Desktop\Projects\myJavaProjects\ProjectMBD\sharedexpensesserver\build\classes\in\co\blackphoenix\shexp\messaging\data\DateRangeFilter.class" with enhanced definition
05:08:51,608 (main) INFO  [DataNucleus.Enhancer] - DataNucleus Enhancer completed with success for 17 classes. Timings : input=452 ms, enhance=110 ms, total=562 ms. Consult the log for full details
05:13:35,677 (main) INFO  [DataNucleus.Enhancer] - DataNucleus Enhancer : Using ClassEnhancer "ASM" for API "JDO"
05:13:35,911 (main) INFO  [DataNucleus.Enhancer] - DataNucleus Enhancer (version 3.0.1) : Enhancement of classes
05:13:36,129 (main) ERROR [DataNucleus.Enhancer] - DataNucleus Enhancer completed with an error. Please review the enhancer log for full details. Some classes may have been enhanced but some caused errors
Class "in.co.blackphoenix.shexp.messaging.data.PieSliceParticipant" has been specified to use an inheritance strategy of "superclass-table", persisting to the table of class in.co.blackphoenix.shexp.messaging.data.Participant, however this class doesnt have a discriminator specified.
org.datanucleus.metadata.InvalidMetaDataException: Class "in.co.blackphoenix.shexp.messaging.data.PieSliceParticipant" has been specified to use an inheritance strategy of "superclass-table", persisting to the table of class in.co.blackphoenix.shexp.messaging.data.Participant, however this class doesnt have a discriminator specified.
	at org.datanucleus.metadata.AbstractClassMetaData.validateUserInputForInheritanceMetaData(AbstractClassMetaData.java:956)
	at org.datanucleus.metadata.ClassMetaData.populate(ClassMetaData.java:201)
	at org.datanucleus.metadata.MetaDataManager$1.run(MetaDataManager.java:2659)
	at java.security.AccessController.doPrivileged(Native Method)
	at org.datanucleus.metadata.MetaDataManager.populateAbstractClassMetaData(MetaDataManager.java:2653)
	at org.datanucleus.metadata.MetaDataManager.populateFileMetaData(MetaDataManager.java:2476)
	at org.datanucleus.metadata.MetaDataManager.initialiseFileMetaDataForUse(MetaDataManager.java:1086)
	at org.datanucleus.metadata.MetaDataManager.loadMetadataFiles(MetaDataManager.java:441)
	at org.datanucleus.enhancer.DataNucleusEnhancer.getFileMetadataForInput(DataNucleusEnhancer.java:814)
	at org.datanucleus.enhancer.DataNucleusEnhancer.enhance(DataNucleusEnhancer.java:590)
	at org.datanucleus.enhancer.DataNucleusEnhancer.main(DataNucleusEnhancer.java:1390)
05:14:15,339 (main) INFO  [DataNucleus.Enhancer] - DataNucleus Enhancer : Using ClassEnhancer "ASM" for API "JDO"
05:14:15,557 (main) INFO  [DataNucleus.Enhancer] - DataNucleus Enhancer (version 3.0.1) : Enhancement of classes
05:14:15,760 (main) ERROR [DataNucleus.Enhancer] - DataNucleus Enhancer completed with an error. Please review the enhancer log for full details. Some classes may have been enhanced but some caused errors
Class "in.co.blackphoenix.shexp.messaging.data.PieSliceParticipant" has been specified to use an inheritance strategy of "superclass-table", persisting to the table of class in.co.blackphoenix.shexp.messaging.data.Participant, however this class doesnt have a discriminator specified.
org.datanucleus.metadata.InvalidMetaDataException: Class "in.co.blackphoenix.shexp.messaging.data.PieSliceParticipant" has been specified to use an inheritance strategy of "superclass-table", persisting to the table of class in.co.blackphoenix.shexp.messaging.data.Participant, however this class doesnt have a discriminator specified.
	at org.datanucleus.metadata.AbstractClassMetaData.validateUserInputForInheritanceMetaData(AbstractClassMetaData.java:956)
	at org.datanucleus.metadata.ClassMetaData.populate(ClassMetaData.java:201)
	at org.datanucleus.metadata.MetaDataManager$1.run(MetaDataManager.java:2659)
	at java.security.AccessController.doPrivileged(Native Method)
	at org.datanucleus.metadata.MetaDataManager.populateAbstractClassMetaData(MetaDataManager.java:2653)
	at org.datanucleus.metadata.MetaDataManager.populateFileMetaData(MetaDataManager.java:2476)
	at org.datanucleus.metadata.MetaDataManager.initialiseFileMetaDataForUse(MetaDataManager.java:1086)
	at org.datanucleus.metadata.MetaDataManager.loadMetadataFiles(MetaDataManager.java:441)
	at org.datanucleus.enhancer.DataNucleusEnhancer.getFileMetadataForInput(DataNucleusEnhancer.java:814)
	at org.datanucleus.enhancer.DataNucleusEnhancer.enhance(DataNucleusEnhancer.java:590)
	at org.datanucleus.enhancer.DataNucleusEnhancer.main(DataNucleusEnhancer.java:1390)
05:19:04,528 (main) INFO  [DataNucleus.Enhancer] - DataNucleus Enhancer : Using ClassEnhancer "ASM" for API "JDO"
05:19:04,742 (main) INFO  [DataNucleus.Enhancer] - DataNucleus Enhancer (version 3.0.1) : Enhancement of classes
05:19:04,939 (main) ERROR [DataNucleus.Enhancer] - DataNucleus Enhancer completed with an error. Please review the enhancer log for full details. Some classes may have been enhanced but some caused errors
Class "in.co.blackphoenix.shexp.messaging.data.PieSliceParticipant" has been specified to use an inheritance strategy of "superclass-table", persisting to the table of class in.co.blackphoenix.shexp.messaging.data.Participant, however this class doesnt have a discriminator specified.
org.datanucleus.metadata.InvalidMetaDataException: Class "in.co.blackphoenix.shexp.messaging.data.PieSliceParticipant" has been specified to use an inheritance strategy of "superclass-table", persisting to the table of class in.co.blackphoenix.shexp.messaging.data.Participant, however this class doesnt have a discriminator specified.
	at org.datanucleus.metadata.AbstractClassMetaData.validateUserInputForInheritanceMetaData(AbstractClassMetaData.java:956)
	at org.datanucleus.metadata.ClassMetaData.populate(ClassMetaData.java:201)
	at org.datanucleus.metadata.MetaDataManager$1.run(MetaDataManager.java:2659)
	at java.security.AccessController.doPrivileged(Native Method)
	at org.datanucleus.metadata.MetaDataManager.populateAbstractClassMetaData(MetaDataManager.java:2653)
	at org.datanucleus.metadata.MetaDataManager.populateFileMetaData(MetaDataManager.java:2476)
	at org.datanucleus.metadata.MetaDataManager.initialiseFileMetaDataForUse(MetaDataManager.java:1086)
	at org.datanucleus.metadata.MetaDataManager.loadMetadataFiles(MetaDataManager.java:441)
	at org.datanucleus.enhancer.DataNucleusEnhancer.getFileMetadataForInput(DataNucleusEnhancer.java:814)
	at org.datanucleus.enhancer.DataNucleusEnhancer.enhance(DataNucleusEnhancer.java:590)
	at org.datanucleus.enhancer.DataNucleusEnhancer.main(DataNucleusEnhancer.java:1390)
05:30:57,099 (main) INFO  [DataNucleus.Enhancer] - DataNucleus Enhancer : Using ClassEnhancer "ASM" for API "JDO"
05:30:57,349 (main) INFO  [DataNucleus.Enhancer] - DataNucleus Enhancer (version 3.0.1) : Enhancement of classes
05:30:57,863 (main) INFO  [DataNucleus.Enhancer] - Writing class file "C:\Users\Manoj\Desktop\Projects\myJavaProjects\ProjectMBD\sharedexpensesserver\build\classes\in\co\blackphoenix\shexp\messaging\data\IntegerRangeFilter.class" with enhanced definition
05:30:57,863 (main) INFO  [DataNucleus.Enhancer] - Writing class file "C:\Users\Manoj\Desktop\Projects\myJavaProjects\ProjectMBD\sharedexpensesserver\build\classes\in\co\blackphoenix\shexp\messaging\data\Payables.class" with enhanced definition
05:30:57,863 (main) INFO  [DataNucleus.Enhancer] - Writing class file "C:\Users\Manoj\Desktop\Projects\myJavaProjects\ProjectMBD\sharedexpensesserver\build\classes\in\co\blackphoenix\shexp\messaging\data\Receivables.class" with enhanced definition
05:30:57,879 (main) INFO  [DataNucleus.Enhancer] - Writing class file "C:\Users\Manoj\Desktop\Projects\myJavaProjects\ProjectMBD\sharedexpensesserver\build\classes\in\co\blackphoenix\shexp\messaging\data\HistoryFilter.class" with enhanced definition
05:30:57,895 (main) INFO  [DataNucleus.Enhancer] - Writing class file "C:\Users\Manoj\Desktop\Projects\myJavaProjects\ProjectMBD\sharedexpensesserver\build\classes\in\co\blackphoenix\shexp\messaging\data\DoubleRangeFilter.class" with enhanced definition
05:30:57,895 (main) INFO  [DataNucleus.Enhancer] - Writing class file "C:\Users\Manoj\Desktop\Projects\myJavaProjects\ProjectMBD\sharedexpensesserver\build\classes\in\co\blackphoenix\shexp\messaging\data\IntegerValueFilter.class" with enhanced definition
05:30:57,895 (main) INFO  [DataNucleus.Enhancer] - Writing class file "C:\Users\Manoj\Desktop\Projects\myJavaProjects\ProjectMBD\sharedexpensesserver\build\classes\in\co\blackphoenix\shexp\messaging\data\RangeFilter.class" with enhanced definition
05:30:57,895 (main) INFO  [DataNucleus.Enhancer] - Writing class file "C:\Users\Manoj\Desktop\Projects\myJavaProjects\ProjectMBD\sharedexpensesserver\build\classes\in\co\blackphoenix\shexp\messaging\data\DoubleValueFilter.class" with enhanced definition
05:30:57,910 (main) INFO  [DataNucleus.Enhancer] - Writing class file "C:\Users\Manoj\Desktop\Projects\myJavaProjects\ProjectMBD\sharedexpensesserver\build\classes\in\co\blackphoenix\shexp\messaging\data\DateValueFilter.class" with enhanced definition
05:30:57,910 (main) INFO  [DataNucleus.Enhancer] - Writing class file "C:\Users\Manoj\Desktop\Projects\myJavaProjects\ProjectMBD\sharedexpensesserver\build\classes\in\co\blackphoenix\shexp\messaging\data\PieSliceParticipant.class" with enhanced definition
05:30:57,910 (main) INFO  [DataNucleus.Enhancer] - Writing class file "C:\Users\Manoj\Desktop\Projects\myJavaProjects\ProjectMBD\sharedexpensesserver\build\classes\in\co\blackphoenix\shexp\messaging\data\Participant.class" with enhanced definition
05:30:57,926 (main) INFO  [DataNucleus.Enhancer] - Writing class file "C:\Users\Manoj\Desktop\Projects\myJavaProjects\ProjectMBD\sharedexpensesserver\build\classes\in\co\blackphoenix\shexp\messaging\data\LedgerEntry.class" with enhanced definition
05:30:57,926 (main) INFO  [DataNucleus.Enhancer] - Writing class file "C:\Users\Manoj\Desktop\Projects\myJavaProjects\ProjectMBD\sharedexpensesserver\build\classes\in\co\blackphoenix\shexp\messaging\data\FixedShareParticipant.class" with enhanced definition
05:30:57,926 (main) INFO  [DataNucleus.Enhancer] - Writing class file "C:\Users\Manoj\Desktop\Projects\myJavaProjects\ProjectMBD\sharedexpensesserver\build\classes\in\co\blackphoenix\shexp\messaging\data\ValueFilter.class" with enhanced definition
05:30:57,926 (main) INFO  [DataNucleus.Enhancer] - Writing class file "C:\Users\Manoj\Desktop\Projects\myJavaProjects\ProjectMBD\sharedexpensesserver\build\classes\in\co\blackphoenix\shexp\messaging\data\Bill.class" with enhanced definition
05:30:57,941 (main) INFO  [DataNucleus.Enhancer] - Writing class file "C:\Users\Manoj\Desktop\Projects\myJavaProjects\ProjectMBD\sharedexpensesserver\build\classes\in\co\blackphoenix\shexp\messaging\data\BalanceSheet.class" with enhanced definition
05:30:57,941 (main) INFO  [DataNucleus.Enhancer] - Writing class file "C:\Users\Manoj\Desktop\Projects\myJavaProjects\ProjectMBD\sharedexpensesserver\build\classes\in\co\blackphoenix\shexp\messaging\data\DateRangeFilter.class" with enhanced definition
05:30:57,941 (main) INFO  [DataNucleus.Enhancer] - DataNucleus Enhancer completed with success for 17 classes. Timings : input=483 ms, enhance=109 ms, total=592 ms. Consult the log for full details
05:33:48,598 (main) INFO  [DataNucleus.Enhancer] - DataNucleus Enhancer : Using ClassEnhancer "ASM" for API "JDO"
05:33:48,817 (main) INFO  [DataNucleus.Enhancer] - DataNucleus Enhancer (version 3.0.1) : Enhancement of classes
05:33:49,300 (main) INFO  [DataNucleus.Enhancer] - Class "in.co.blackphoenix.shexp.messaging.data.IntegerRangeFilter" is already enhanced.
05:33:49,300 (main) INFO  [DataNucleus.Enhancer] - Class "in.co.blackphoenix.shexp.messaging.data.Payables" is already enhanced.
05:33:49,300 (main) INFO  [DataNucleus.Enhancer] - Class "in.co.blackphoenix.shexp.messaging.data.Receivables" is already enhanced.
05:33:49,316 (main) INFO  [DataNucleus.Enhancer] - Class "in.co.blackphoenix.shexp.messaging.data.HistoryFilter" is already enhanced.
05:33:49,316 (main) INFO  [DataNucleus.Enhancer] - Class "in.co.blackphoenix.shexp.messaging.data.DoubleRangeFilter" is already enhanced.
05:33:49,316 (main) INFO  [DataNucleus.Enhancer] - Class "in.co.blackphoenix.shexp.messaging.data.IntegerValueFilter" is already enhanced.
05:33:49,316 (main) INFO  [DataNucleus.Enhancer] - Class "in.co.blackphoenix.shexp.messaging.data.RangeFilter" is already enhanced.
05:33:49,316 (main) INFO  [DataNucleus.Enhancer] - Class "in.co.blackphoenix.shexp.messaging.data.DoubleValueFilter" is already enhanced.
05:33:49,316 (main) INFO  [DataNucleus.Enhancer] - Class "in.co.blackphoenix.shexp.messaging.data.DateValueFilter" is already enhanced.
05:33:49,347 (main) INFO  [DataNucleus.Enhancer] - Writing class file "C:\Users\Manoj\Desktop\Projects\myJavaProjects\ProjectMBD\sharedexpensesserver\build\classes\in\co\blackphoenix\shexp\messaging\data\PieSliceParticipant.class" with enhanced definition
05:33:49,347 (main) INFO  [DataNucleus.Enhancer] - Writing class file "C:\Users\Manoj\Desktop\Projects\myJavaProjects\ProjectMBD\sharedexpensesserver\build\classes\in\co\blackphoenix\shexp\messaging\data\Participant.class" with enhanced definition
05:33:49,347 (main) INFO  [DataNucleus.Enhancer] - Class "in.co.blackphoenix.shexp.messaging.data.LedgerEntry" is already enhanced.
05:33:49,347 (main) INFO  [DataNucleus.Enhancer] - Writing class file "C:\Users\Manoj\Desktop\Projects\myJavaProjects\ProjectMBD\sharedexpensesserver\build\classes\in\co\blackphoenix\shexp\messaging\data\FixedShareParticipant.class" with enhanced definition
05:33:49,347 (main) INFO  [DataNucleus.Enhancer] - Class "in.co.blackphoenix.shexp.messaging.data.ValueFilter" is already enhanced.
05:33:49,347 (main) INFO  [DataNucleus.Enhancer] - Class "in.co.blackphoenix.shexp.messaging.data.BalanceSheet" is already enhanced.
05:33:49,347 (main) INFO  [DataNucleus.Enhancer] - Class "in.co.blackphoenix.shexp.messaging.data.DateRangeFilter" is already enhanced.
05:33:49,363 (main) INFO  [DataNucleus.Enhancer] - Writing class file "C:\Users\Manoj\Desktop\Projects\myJavaProjects\ProjectMBD\sharedexpensesserver\build\classes\in\co\blackphoenix\shexp\messaging\data\Bills.class" with enhanced definition
05:33:49,363 (main) INFO  [DataNucleus.Enhancer] - DataNucleus Enhancer completed with success for 17 classes. Timings : input=483 ms, enhance=63 ms, total=546 ms. Consult the log for full details
05:34:56,499 (main) INFO  [DataNucleus.Enhancer] - DataNucleus Enhancer : Using ClassEnhancer "ASM" for API "JDO"
05:34:56,733 (main) INFO  [DataNucleus.Enhancer] - DataNucleus Enhancer (version 3.0.1) : Enhancement of classes
05:34:57,233 (main) INFO  [DataNucleus.Enhancer] - Writing class file "C:\Users\Manoj\Desktop\Projects\myJavaProjects\ProjectMBD\sharedexpensesserver\build\classes\in\co\blackphoenix\shexp\messaging\data\IntegerRangeFilter.class" with enhanced definition
05:34:57,233 (main) INFO  [DataNucleus.Enhancer] - Writing class file "C:\Users\Manoj\Desktop\Projects\myJavaProjects\ProjectMBD\sharedexpensesserver\build\classes\in\co\blackphoenix\shexp\messaging\data\Payables.class" with enhanced definition
05:34:57,233 (main) INFO  [DataNucleus.Enhancer] - Writing class file "C:\Users\Manoj\Desktop\Projects\myJavaProjects\ProjectMBD\sharedexpensesserver\build\classes\in\co\blackphoenix\shexp\messaging\data\Receivables.class" with enhanced definition
05:34:57,248 (main) INFO  [DataNucleus.Enhancer] - Writing class file "C:\Users\Manoj\Desktop\Projects\myJavaProjects\ProjectMBD\sharedexpensesserver\build\classes\in\co\blackphoenix\shexp\messaging\data\HistoryFilter.class" with enhanced definition
05:34:57,264 (main) INFO  [DataNucleus.Enhancer] - Writing class file "C:\Users\Manoj\Desktop\Projects\myJavaProjects\ProjectMBD\sharedexpensesserver\build\classes\in\co\blackphoenix\shexp\messaging\data\DoubleRangeFilter.class" with enhanced definition
05:34:57,264 (main) INFO  [DataNucleus.Enhancer] - Writing class file "C:\Users\Manoj\Desktop\Projects\myJavaProjects\ProjectMBD\sharedexpensesserver\build\classes\in\co\blackphoenix\shexp\messaging\data\IntegerValueFilter.class" with enhanced definition
05:34:57,264 (main) INFO  [DataNucleus.Enhancer] - Writing class file "C:\Users\Manoj\Desktop\Projects\myJavaProjects\ProjectMBD\sharedexpensesserver\build\classes\in\co\blackphoenix\shexp\messaging\data\RangeFilter.class" with enhanced definition
05:34:57,264 (main) INFO  [DataNucleus.Enhancer] - Writing class file "C:\Users\Manoj\Desktop\Projects\myJavaProjects\ProjectMBD\sharedexpensesserver\build\classes\in\co\blackphoenix\shexp\messaging\data\DoubleValueFilter.class" with enhanced definition
05:34:57,279 (main) INFO  [DataNucleus.Enhancer] - Writing class file "C:\Users\Manoj\Desktop\Projects\myJavaProjects\ProjectMBD\sharedexpensesserver\build\classes\in\co\blackphoenix\shexp\messaging\data\DateValueFilter.class" with enhanced definition
05:34:57,279 (main) INFO  [DataNucleus.Enhancer] - Writing class file "C:\Users\Manoj\Desktop\Projects\myJavaProjects\ProjectMBD\sharedexpensesserver\build\classes\in\co\blackphoenix\shexp\messaging\data\PieSliceParticipant.class" with enhanced definition
05:34:57,279 (main) INFO  [DataNucleus.Enhancer] - Writing class file "C:\Users\Manoj\Desktop\Projects\myJavaProjects\ProjectMBD\sharedexpensesserver\build\classes\in\co\blackphoenix\shexp\messaging\data\Participant.class" with enhanced definition
05:34:57,295 (main) INFO  [DataNucleus.Enhancer] - Writing class file "C:\Users\Manoj\Desktop\Projects\myJavaProjects\ProjectMBD\sharedexpensesserver\build\classes\in\co\blackphoenix\shexp\messaging\data\LedgerEntry.class" with enhanced definition
05:34:57,295 (main) INFO  [DataNucleus.Enhancer] - Writing class file "C:\Users\Manoj\Desktop\Projects\myJavaProjects\ProjectMBD\sharedexpensesserver\build\classes\in\co\blackphoenix\shexp\messaging\data\FixedShareParticipant.class" with enhanced definition
05:34:57,295 (main) INFO  [DataNucleus.Enhancer] - Writing class file "C:\Users\Manoj\Desktop\Projects\myJavaProjects\ProjectMBD\sharedexpensesserver\build\classes\in\co\blackphoenix\shexp\messaging\data\ValueFilter.class" with enhanced definition
05:34:57,295 (main) INFO  [DataNucleus.Enhancer] - Writing class file "C:\Users\Manoj\Desktop\Projects\myJavaProjects\ProjectMBD\sharedexpensesserver\build\classes\in\co\blackphoenix\shexp\messaging\data\BalanceSheet.class" with enhanced definition
05:34:57,295 (main) INFO  [DataNucleus.Enhancer] - Writing class file "C:\Users\Manoj\Desktop\Projects\myJavaProjects\ProjectMBD\sharedexpensesserver\build\classes\in\co\blackphoenix\shexp\messaging\data\DateRangeFilter.class" with enhanced definition
05:34:57,311 (main) INFO  [DataNucleus.Enhancer] - Writing class file "C:\Users\Manoj\Desktop\Projects\myJavaProjects\ProjectMBD\sharedexpensesserver\build\classes\in\co\blackphoenix\shexp\messaging\data\Bills.class" with enhanced definition
05:34:57,311 (main) INFO  [DataNucleus.Enhancer] - DataNucleus Enhancer completed with success for 17 classes. Timings : input=468 ms, enhance=110 ms, total=578 ms. Consult the log for full details
05:37:50,764 (main) INFO  [DataNucleus.Enhancer] - DataNucleus Enhancer : Using ClassEnhancer "ASM" for API "JDO"
05:37:50,967 (main) INFO  [DataNucleus.Enhancer] - DataNucleus Enhancer (version 3.0.1) : Enhancement of classes
05:37:51,466 (main) INFO  [DataNucleus.Enhancer] - Writing class file "C:\Users\Manoj\Desktop\Projects\myJavaProjects\ProjectMBD\sharedexpensesserver\build\classes\in\co\blackphoenix\shexp\messaging\data\IntegerRangeFilter.class" with enhanced definition
05:37:51,466 (main) INFO  [DataNucleus.Enhancer] - Writing class file "C:\Users\Manoj\Desktop\Projects\myJavaProjects\ProjectMBD\sharedexpensesserver\build\classes\in\co\blackphoenix\shexp\messaging\data\Payables.class" with enhanced definition
05:37:51,466 (main) INFO  [DataNucleus.Enhancer] - Writing class file "C:\Users\Manoj\Desktop\Projects\myJavaProjects\ProjectMBD\sharedexpensesserver\build\classes\in\co\blackphoenix\shexp\messaging\data\Receivables.class" with enhanced definition
05:37:51,481 (main) INFO  [DataNucleus.Enhancer] - Writing class file "C:\Users\Manoj\Desktop\Projects\myJavaProjects\ProjectMBD\sharedexpensesserver\build\classes\in\co\blackphoenix\shexp\messaging\data\HistoryFilter.class" with enhanced definition
05:37:51,497 (main) INFO  [DataNucleus.Enhancer] - Writing class file "C:\Users\Manoj\Desktop\Projects\myJavaProjects\ProjectMBD\sharedexpensesserver\build\classes\in\co\blackphoenix\shexp\messaging\data\DoubleRangeFilter.class" with enhanced definition
05:37:51,497 (main) INFO  [DataNucleus.Enhancer] - Writing class file "C:\Users\Manoj\Desktop\Projects\myJavaProjects\ProjectMBD\sharedexpensesserver\build\classes\in\co\blackphoenix\shexp\messaging\data\IntegerValueFilter.class" with enhanced definition
05:37:51,497 (main) INFO  [DataNucleus.Enhancer] - Writing class file "C:\Users\Manoj\Desktop\Projects\myJavaProjects\ProjectMBD\sharedexpensesserver\build\classes\in\co\blackphoenix\shexp\messaging\data\RangeFilter.class" with enhanced definition
05:37:51,497 (main) INFO  [DataNucleus.Enhancer] - Writing class file "C:\Users\Manoj\Desktop\Projects\myJavaProjects\ProjectMBD\sharedexpensesserver\build\classes\in\co\blackphoenix\shexp\messaging\data\DoubleValueFilter.class" with enhanced definition
05:37:51,513 (main) INFO  [DataNucleus.Enhancer] - Writing class file "C:\Users\Manoj\Desktop\Projects\myJavaProjects\ProjectMBD\sharedexpensesserver\build\classes\in\co\blackphoenix\shexp\messaging\data\DateValueFilter.class" with enhanced definition
05:37:51,513 (main) INFO  [DataNucleus.Enhancer] - Writing class file "C:\Users\Manoj\Desktop\Projects\myJavaProjects\ProjectMBD\sharedexpensesserver\build\classes\in\co\blackphoenix\shexp\messaging\data\PieSliceParticipant.class" with enhanced definition
05:37:51,513 (main) INFO  [DataNucleus.Enhancer] - Writing class file "C:\Users\Manoj\Desktop\Projects\myJavaProjects\ProjectMBD\sharedexpensesserver\build\classes\in\co\blackphoenix\shexp\messaging\data\Participant.class" with enhanced definition
05:37:51,528 (main) INFO  [DataNucleus.Enhancer] - Writing class file "C:\Users\Manoj\Desktop\Projects\myJavaProjects\ProjectMBD\sharedexpensesserver\build\classes\in\co\blackphoenix\shexp\messaging\data\LedgerEntry.class" with enhanced definition
05:37:51,528 (main) INFO  [DataNucleus.Enhancer] - Writing class file "C:\Users\Manoj\Desktop\Projects\myJavaProjects\ProjectMBD\sharedexpensesserver\build\classes\in\co\blackphoenix\shexp\messaging\data\FixedShareParticipant.class" with enhanced definition
05:37:51,528 (main) INFO  [DataNucleus.Enhancer] - Writing class file "C:\Users\Manoj\Desktop\Projects\myJavaProjects\ProjectMBD\sharedexpensesserver\build\classes\in\co\blackphoenix\shexp\messaging\data\ValueFilter.class" with enhanced definition
05:37:51,528 (main) INFO  [DataNucleus.Enhancer] - Writing class file "C:\Users\Manoj\Desktop\Projects\myJavaProjects\ProjectMBD\sharedexpensesserver\build\classes\in\co\blackphoenix\shexp\messaging\data\BalanceSheet.class" with enhanced definition
05:37:51,528 (main) INFO  [DataNucleus.Enhancer] - Writing class file "C:\Users\Manoj\Desktop\Projects\myJavaProjects\ProjectMBD\sharedexpensesserver\build\classes\in\co\blackphoenix\shexp\messaging\data\DateRangeFilter.class" with enhanced definition
05:37:51,544 (main) INFO  [DataNucleus.Enhancer] - Writing class file "C:\Users\Manoj\Desktop\Projects\myJavaProjects\ProjectMBD\sharedexpensesserver\build\classes\in\co\blackphoenix\shexp\messaging\data\Bills.class" with enhanced definition
05:37:51,544 (main) INFO  [DataNucleus.Enhancer] - DataNucleus Enhancer completed with success for 17 classes. Timings : input=468 ms, enhance=109 ms, total=577 ms. Consult the log for full details
15:17:50,299 (main) INFO  [DataNucleus.Enhancer] - DataNucleus Enhancer : Using ClassEnhancer "ASM" for API "JDO"
15:17:51,032 (main) INFO  [DataNucleus.Enhancer] - DataNucleus Enhancer (version 3.0.1) : Enhancement of classes
15:17:52,992 (main) INFO  [DataNucleus.Enhancer] - Writing class file "C:\Users\Manoj\Desktop\Projects\myJavaProjects\ProjectMBD\sharedexpensesserver\build\classes\in\co\blackphoenix\shexp\messaging\data\IntegerRangeFilter.class" with enhanced definition
15:17:53,002 (main) INFO  [DataNucleus.Enhancer] - Writing class file "C:\Users\Manoj\Desktop\Projects\myJavaProjects\ProjectMBD\sharedexpensesserver\build\classes\in\co\blackphoenix\shexp\messaging\data\Payables.class" with enhanced definition
15:17:53,012 (main) INFO  [DataNucleus.Enhancer] - Writing class file "C:\Users\Manoj\Desktop\Projects\myJavaProjects\ProjectMBD\sharedexpensesserver\build\classes\in\co\blackphoenix\shexp\messaging\data\Receivables.class" with enhanced definition
15:17:53,073 (main) INFO  [DataNucleus.Enhancer] - Writing class file "C:\Users\Manoj\Desktop\Projects\myJavaProjects\ProjectMBD\sharedexpensesserver\build\classes\in\co\blackphoenix\shexp\messaging\data\HistoryFilter.class" with enhanced definition
15:17:53,087 (main) INFO  [DataNucleus.Enhancer] - Writing class file "C:\Users\Manoj\Desktop\Projects\myJavaProjects\ProjectMBD\sharedexpensesserver\build\classes\in\co\blackphoenix\shexp\messaging\data\DoubleRangeFilter.class" with enhanced definition
15:17:53,099 (main) INFO  [DataNucleus.Enhancer] - Writing class file "C:\Users\Manoj\Desktop\Projects\myJavaProjects\ProjectMBD\sharedexpensesserver\build\classes\in\co\blackphoenix\shexp\messaging\data\IntegerValueFilter.class" with enhanced definition
15:17:53,116 (main) INFO  [DataNucleus.Enhancer] - Writing class file "C:\Users\Manoj\Desktop\Projects\myJavaProjects\ProjectMBD\sharedexpensesserver\build\classes\in\co\blackphoenix\shexp\messaging\data\RangeFilter.class" with enhanced definition
15:17:53,127 (main) INFO  [DataNucleus.Enhancer] - Writing class file "C:\Users\Manoj\Desktop\Projects\myJavaProjects\ProjectMBD\sharedexpensesserver\build\classes\in\co\blackphoenix\shexp\messaging\data\DoubleValueFilter.class" with enhanced definition
15:17:53,141 (main) INFO  [DataNucleus.Enhancer] - Writing class file "C:\Users\Manoj\Desktop\Projects\myJavaProjects\ProjectMBD\sharedexpensesserver\build\classes\in\co\blackphoenix\shexp\messaging\data\DateValueFilter.class" with enhanced definition
15:17:53,153 (main) INFO  [DataNucleus.Enhancer] - Writing class file "C:\Users\Manoj\Desktop\Projects\myJavaProjects\ProjectMBD\sharedexpensesserver\build\classes\in\co\blackphoenix\shexp\messaging\data\PieSliceParticipant.class" with enhanced definition
15:17:53,181 (main) INFO  [DataNucleus.Enhancer] - Writing class file "C:\Users\Manoj\Desktop\Projects\myJavaProjects\ProjectMBD\sharedexpensesserver\build\classes\in\co\blackphoenix\shexp\messaging\data\Participant.class" with enhanced definition
15:17:53,197 (main) INFO  [DataNucleus.Enhancer] - Writing class file "C:\Users\Manoj\Desktop\Projects\myJavaProjects\ProjectMBD\sharedexpensesserver\build\classes\in\co\blackphoenix\shexp\messaging\data\LedgerEntry.class" with enhanced definition
15:17:53,219 (main) INFO  [DataNucleus.Enhancer] - Writing class file "C:\Users\Manoj\Desktop\Projects\myJavaProjects\ProjectMBD\sharedexpensesserver\build\classes\in\co\blackphoenix\shexp\messaging\data\Bills.class" with enhanced definition
15:17:53,227 (main) INFO  [DataNucleus.Enhancer] - Writing class file "C:\Users\Manoj\Desktop\Projects\myJavaProjects\ProjectMBD\sharedexpensesserver\build\classes\in\co\blackphoenix\shexp\messaging\data\FixedShareParticipant.class" with enhanced definition
15:17:53,237 (main) INFO  [DataNucleus.Enhancer] - Writing class file "C:\Users\Manoj\Desktop\Projects\myJavaProjects\ProjectMBD\sharedexpensesserver\build\classes\in\co\blackphoenix\shexp\messaging\data\ValueFilter.class" with enhanced definition
15:17:53,252 (main) INFO  [DataNucleus.Enhancer] - Writing class file "C:\Users\Manoj\Desktop\Projects\myJavaProjects\ProjectMBD\sharedexpensesserver\build\classes\in\co\blackphoenix\shexp\messaging\data\BalanceSheet.class" with enhanced definition
15:17:53,264 (main) INFO  [DataNucleus.Enhancer] - Writing class file "C:\Users\Manoj\Desktop\Projects\myJavaProjects\ProjectMBD\sharedexpensesserver\build\classes\in\co\blackphoenix\shexp\messaging\data\DateRangeFilter.class" with enhanced definition
15:17:53,266 (main) INFO  [DataNucleus.Enhancer] - DataNucleus Enhancer completed with success for 17 classes. Timings : input=1842 ms, enhance=377 ms, total=2219 ms. Consult the log for full details
